<?xml version="1.0" encoding="UTF-8"?>
<testsuite xmlns:xsi="http://www.w3.org/2001/XMLSchema-instance" xsi:noNamespaceSchemaLocation="https://maven.apache.org/surefire/maven-surefire-plugin/xsd/surefire-test-report.xsd" name="com.malixi.spring.myspringadmin.MySpringAdminApplicationTests" time="3.867" tests="1" errors="0" skipped="0" failures="0">
  <properties>
    <property name="sun.desktop" value="windows"/>
    <property name="awt.toolkit" value="sun.awt.windows.WToolkit"/>
    <property name="java.specification.version" value="11"/>
    <property name="sun.cpu.isalist" value="amd64"/>
    <property name="sun.jnu.encoding" value="GBK"/>
    <property name="java.class.path" value="D:\MyWorker\IDEA\ideProjects\spring-bucket\my-spring-admin\target\test-classes;D:\MyWorker\IDEA\ideProjects\spring-bucket\my-spring-admin\target\classes;D:\MyWorker\Maven\MavenRepository\de\codecentric\spring-boot-admin-starter-server\2.3.1\spring-boot-admin-starter-server-2.3.1.jar;D:\MyWorker\Maven\MavenRepository\de\codecentric\spring-boot-admin-server\2.3.1\spring-boot-admin-server-2.3.1.jar;D:\MyWorker\Maven\MavenRepository\org\springframework\boot\spring-boot-starter-webflux\2.3.7.RELEASE\spring-boot-starter-webflux-2.3.7.RELEASE.jar;D:\MyWorker\Maven\MavenRepository\org\springframework\boot\spring-boot-starter-json\2.3.7.RELEASE\spring-boot-starter-json-2.3.7.RELEASE.jar;D:\MyWorker\Maven\MavenRepository\com\fasterxml\jackson\core\jackson-databind\2.11.3\jackson-databind-2.11.3.jar;D:\MyWorker\Maven\MavenRepository\com\fasterxml\jackson\core\jackson-annotations\2.11.3\jackson-annotations-2.11.3.jar;D:\MyWorker\Maven\MavenRepository\com\fasterxml\jackson\core\jackson-core\2.11.3\jackson-core-2.11.3.jar;D:\MyWorker\Maven\MavenRepository\com\fasterxml\jackson\datatype\jackson-datatype-jdk8\2.11.3\jackson-datatype-jdk8-2.11.3.jar;D:\MyWorker\Maven\MavenRepository\com\fasterxml\jackson\datatype\jackson-datatype-jsr310\2.11.3\jackson-datatype-jsr310-2.11.3.jar;D:\MyWorker\Maven\MavenRepository\com\fasterxml\jackson\module\jackson-module-parameter-names\2.11.3\jackson-module-parameter-names-2.11.3.jar;D:\MyWorker\Maven\MavenRepository\org\springframework\boot\spring-boot-starter-reactor-netty\2.3.7.RELEASE\spring-boot-starter-reactor-netty-2.3.7.RELEASE.jar;D:\MyWorker\Maven\MavenRepository\io\projectreactor\netty\reactor-netty\0.9.15.RELEASE\reactor-netty-0.9.15.RELEASE.jar;D:\MyWorker\Maven\MavenRepository\io\netty\netty-codec-http\4.1.55.Final\netty-codec-http-4.1.55.Final.jar;D:\MyWorker\Maven\MavenRepository\io\netty\netty-common\4.1.55.Final\netty-common-4.1.55.Final.jar;D:\MyWorker\Maven\MavenRepository\io\netty\netty-buffer\4.1.55.Final\netty-buffer-4.1.55.Final.jar;D:\MyWorker\Maven\MavenRepository\io\netty\netty-transport\4.1.55.Final\netty-transport-4.1.55.Final.jar;D:\MyWorker\Maven\MavenRepository\io\netty\netty-codec\4.1.55.Final\netty-codec-4.1.55.Final.jar;D:\MyWorker\Maven\MavenRepository\io\netty\netty-codec-http2\4.1.55.Final\netty-codec-http2-4.1.55.Final.jar;D:\MyWorker\Maven\MavenRepository\io\netty\netty-handler\4.1.55.Final\netty-handler-4.1.55.Final.jar;D:\MyWorker\Maven\MavenRepository\io\netty\netty-resolver\4.1.55.Final\netty-resolver-4.1.55.Final.jar;D:\MyWorker\Maven\MavenRepository\io\netty\netty-handler-proxy\4.1.55.Final\netty-handler-proxy-4.1.55.Final.jar;D:\MyWorker\Maven\MavenRepository\io\netty\netty-codec-socks\4.1.55.Final\netty-codec-socks-4.1.55.Final.jar;D:\MyWorker\Maven\MavenRepository\io\netty\netty-transport-native-epoll\4.1.55.Final\netty-transport-native-epoll-4.1.55.Final-linux-x86_64.jar;D:\MyWorker\Maven\MavenRepository\io\netty\netty-transport-native-unix-common\4.1.55.Final\netty-transport-native-unix-common-4.1.55.Final.jar;D:\MyWorker\Maven\MavenRepository\org\springframework\spring-web\5.2.12.RELEASE\spring-web-5.2.12.RELEASE.jar;D:\MyWorker\Maven\MavenRepository\org\springframework\spring-beans\5.2.12.RELEASE\spring-beans-5.2.12.RELEASE.jar;D:\MyWorker\Maven\MavenRepository\org\springframework\spring-webflux\5.2.12.RELEASE\spring-webflux-5.2.12.RELEASE.jar;D:\MyWorker\Maven\MavenRepository\org\synchronoss\cloud\nio-multipart-parser\1.1.0\nio-multipart-parser-1.1.0.jar;D:\MyWorker\Maven\MavenRepository\org\synchronoss\cloud\nio-stream-storage\1.1.3\nio-stream-storage-1.1.3.jar;D:\MyWorker\Maven\MavenRepository\org\springframework\boot\spring-boot-starter-thymeleaf\2.3.7.RELEASE\spring-boot-starter-thymeleaf-2.3.7.RELEASE.jar;D:\MyWorker\Maven\MavenRepository\org\thymeleaf\thymeleaf-spring5\3.0.11.RELEASE\thymeleaf-spring5-3.0.11.RELEASE.jar;D:\MyWorker\Maven\MavenRepository\org\thymeleaf\thymeleaf\3.0.11.RELEASE\thymeleaf-3.0.11.RELEASE.jar;D:\MyWorker\Maven\MavenRepository\org\attoparser\attoparser\2.0.5.RELEASE\attoparser-2.0.5.RELEASE.jar;D:\MyWorker\Maven\MavenRepository\org\unbescape\unbescape\1.1.6.RELEASE\unbescape-1.1.6.RELEASE.jar;D:\MyWorker\Maven\MavenRepository\org\thymeleaf\extras\thymeleaf-extras-java8time\3.0.4.RELEASE\thymeleaf-extras-java8time-3.0.4.RELEASE.jar;D:\MyWorker\Maven\MavenRepository\org\springframework\boot\spring-boot-starter-actuator\2.3.7.RELEASE\spring-boot-starter-actuator-2.3.7.RELEASE.jar;D:\MyWorker\Maven\MavenRepository\org\springframework\boot\spring-boot-actuator-autoconfigure\2.3.7.RELEASE\spring-boot-actuator-autoconfigure-2.3.7.RELEASE.jar;D:\MyWorker\Maven\MavenRepository\org\springframework\boot\spring-boot-actuator\2.3.7.RELEASE\spring-boot-actuator-2.3.7.RELEASE.jar;D:\MyWorker\Maven\MavenRepository\io\micrometer\micrometer-core\1.5.9\micrometer-core-1.5.9.jar;D:\MyWorker\Maven\MavenRepository\org\hdrhistogram\HdrHistogram\2.1.12\HdrHistogram-2.1.12.jar;D:\MyWorker\Maven\MavenRepository\org\latencyutils\LatencyUtils\2.0.3\LatencyUtils-2.0.3.jar;D:\MyWorker\Maven\MavenRepository\org\apache\httpcomponents\httpclient\4.5.13\httpclient-4.5.13.jar;D:\MyWorker\Maven\MavenRepository\org\apache\httpcomponents\httpcore\4.4.14\httpcore-4.4.14.jar;D:\MyWorker\Maven\MavenRepository\commons-codec\commons-codec\1.14\commons-codec-1.14.jar;D:\MyWorker\Maven\MavenRepository\io\projectreactor\addons\reactor-extra\3.3.4.RELEASE\reactor-extra-3.3.4.RELEASE.jar;D:\MyWorker\Maven\MavenRepository\io\projectreactor\reactor-core\3.3.12.RELEASE\reactor-core-3.3.12.RELEASE.jar;D:\MyWorker\Maven\MavenRepository\org\reactivestreams\reactive-streams\1.0.3\reactive-streams-1.0.3.jar;D:\MyWorker\Maven\MavenRepository\de\codecentric\spring-boot-admin-server-ui\2.3.1\spring-boot-admin-server-ui-2.3.1.jar;D:\MyWorker\Maven\MavenRepository\de\codecentric\spring-boot-admin-server-cloud\2.3.1\spring-boot-admin-server-cloud-2.3.1.jar;D:\MyWorker\Maven\MavenRepository\org\springframework\boot\spring-boot-starter-test\2.3.7.RELEASE\spring-boot-starter-test-2.3.7.RELEASE.jar;D:\MyWorker\Maven\MavenRepository\org\springframework\boot\spring-boot-starter\2.3.7.RELEASE\spring-boot-starter-2.3.7.RELEASE.jar;D:\MyWorker\Maven\MavenRepository\org\springframework\boot\spring-boot\2.3.7.RELEASE\spring-boot-2.3.7.RELEASE.jar;D:\MyWorker\Maven\MavenRepository\org\springframework\spring-context\5.2.12.RELEASE\spring-context-5.2.12.RELEASE.jar;D:\MyWorker\Maven\MavenRepository\org\springframework\spring-aop\5.2.12.RELEASE\spring-aop-5.2.12.RELEASE.jar;D:\MyWorker\Maven\MavenRepository\org\springframework\spring-expression\5.2.12.RELEASE\spring-expression-5.2.12.RELEASE.jar;D:\MyWorker\Maven\MavenRepository\org\springframework\boot\spring-boot-autoconfigure\2.3.7.RELEASE\spring-boot-autoconfigure-2.3.7.RELEASE.jar;D:\MyWorker\Maven\MavenRepository\org\springframework\boot\spring-boot-starter-logging\2.3.7.RELEASE\spring-boot-starter-logging-2.3.7.RELEASE.jar;D:\MyWorker\Maven\MavenRepository\ch\qos\logback\logback-classic\1.2.3\logback-classic-1.2.3.jar;D:\MyWorker\Maven\MavenRepository\ch\qos\logback\logback-core\1.2.3\logback-core-1.2.3.jar;D:\MyWorker\Maven\MavenRepository\org\apache\logging\log4j\log4j-to-slf4j\2.13.3\log4j-to-slf4j-2.13.3.jar;D:\MyWorker\Maven\MavenRepository\org\apache\logging\log4j\log4j-api\2.13.3\log4j-api-2.13.3.jar;D:\MyWorker\Maven\MavenRepository\org\slf4j\jul-to-slf4j\1.7.30\jul-to-slf4j-1.7.30.jar;D:\MyWorker\Maven\MavenRepository\jakarta\annotation\jakarta.annotation-api\1.3.5\jakarta.annotation-api-1.3.5.jar;D:\MyWorker\Maven\MavenRepository\org\yaml\snakeyaml\1.26\snakeyaml-1.26.jar;D:\MyWorker\Maven\MavenRepository\org\springframework\boot\spring-boot-test\2.3.7.RELEASE\spring-boot-test-2.3.7.RELEASE.jar;D:\MyWorker\Maven\MavenRepository\org\springframework\boot\spring-boot-test-autoconfigure\2.3.7.RELEASE\spring-boot-test-autoconfigure-2.3.7.RELEASE.jar;D:\MyWorker\Maven\MavenRepository\com\jayway\jsonpath\json-path\2.4.0\json-path-2.4.0.jar;D:\MyWorker\Maven\MavenRepository\net\minidev\json-smart\2.3\json-smart-2.3.jar;D:\MyWorker\Maven\MavenRepository\net\minidev\accessors-smart\1.2\accessors-smart-1.2.jar;D:\MyWorker\Maven\MavenRepository\org\ow2\asm\asm\5.0.4\asm-5.0.4.jar;D:\MyWorker\Maven\MavenRepository\org\slf4j\slf4j-api\1.7.30\slf4j-api-1.7.30.jar;D:\MyWorker\Maven\MavenRepository\jakarta\xml\bind\jakarta.xml.bind-api\2.3.3\jakarta.xml.bind-api-2.3.3.jar;D:\MyWorker\Maven\MavenRepository\jakarta\activation\jakarta.activation-api\1.2.2\jakarta.activation-api-1.2.2.jar;D:\MyWorker\Maven\MavenRepository\org\assertj\assertj-core\3.16.1\assertj-core-3.16.1.jar;D:\MyWorker\Maven\MavenRepository\org\hamcrest\hamcrest\2.2\hamcrest-2.2.jar;D:\MyWorker\Maven\MavenRepository\org\junit\jupiter\junit-jupiter\5.6.3\junit-jupiter-5.6.3.jar;D:\MyWorker\Maven\MavenRepository\org\junit\jupiter\junit-jupiter-api\5.6.3\junit-jupiter-api-5.6.3.jar;D:\MyWorker\Maven\MavenRepository\org\apiguardian\apiguardian-api\1.1.0\apiguardian-api-1.1.0.jar;D:\MyWorker\Maven\MavenRepository\org\opentest4j\opentest4j\1.2.0\opentest4j-1.2.0.jar;D:\MyWorker\Maven\MavenRepository\org\junit\platform\junit-platform-commons\1.6.3\junit-platform-commons-1.6.3.jar;D:\MyWorker\Maven\MavenRepository\org\junit\jupiter\junit-jupiter-params\5.6.3\junit-jupiter-params-5.6.3.jar;D:\MyWorker\Maven\MavenRepository\org\junit\jupiter\junit-jupiter-engine\5.6.3\junit-jupiter-engine-5.6.3.jar;D:\MyWorker\Maven\MavenRepository\org\junit\platform\junit-platform-engine\1.6.3\junit-platform-engine-1.6.3.jar;D:\MyWorker\Maven\MavenRepository\org\mockito\mockito-core\3.3.3\mockito-core-3.3.3.jar;D:\MyWorker\Maven\MavenRepository\net\bytebuddy\byte-buddy\1.10.18\byte-buddy-1.10.18.jar;D:\MyWorker\Maven\MavenRepository\net\bytebuddy\byte-buddy-agent\1.10.18\byte-buddy-agent-1.10.18.jar;D:\MyWorker\Maven\MavenRepository\org\objenesis\objenesis\2.6\objenesis-2.6.jar;D:\MyWorker\Maven\MavenRepository\org\mockito\mockito-junit-jupiter\3.3.3\mockito-junit-jupiter-3.3.3.jar;D:\MyWorker\Maven\MavenRepository\org\skyscreamer\jsonassert\1.5.0\jsonassert-1.5.0.jar;D:\MyWorker\Maven\MavenRepository\com\vaadin\external\google\android-json\0.0.20131108.vaadin1\android-json-0.0.20131108.vaadin1.jar;D:\MyWorker\Maven\MavenRepository\org\springframework\spring-core\5.2.12.RELEASE\spring-core-5.2.12.RELEASE.jar;D:\MyWorker\Maven\MavenRepository\org\springframework\spring-jcl\5.2.12.RELEASE\spring-jcl-5.2.12.RELEASE.jar;D:\MyWorker\Maven\MavenRepository\org\springframework\spring-test\5.2.12.RELEASE\spring-test-5.2.12.RELEASE.jar;D:\MyWorker\Maven\MavenRepository\org\xmlunit\xmlunit-core\2.7.0\xmlunit-core-2.7.0.jar;"/>
    <property name="java.vm.vendor" value="Oracle Corporation"/>
    <property name="sun.arch.data.model" value="64"/>
    <property name="user.variant" value=""/>
    <property name="java.vendor.url" value="https://openjdk.java.net/"/>
    <property name="user.timezone" value="Asia/Shanghai"/>
    <property name="java.vm.specification.version" value="11"/>
    <property name="os.name" value="Windows 10"/>
    <property name="sun.java.launcher" value="SUN_STANDARD"/>
    <property name="user.country" value="CN"/>
    <property name="sun.boot.library.path" value="D:\MyWorker\JDK\JDK11\bin"/>
    <property name="sun.java.command" value="C:\Users\malixi\AppData\Local\Temp\surefire17263074051170068676\surefirebooter2729866684772110534.jar C:\Users\malixi\AppData\Local\Temp\surefire17263074051170068676 2020-12-22T03-35-13_718-jvmRun1 surefire3329774031474259999tmp surefire_013538615980930350269tmp"/>
    <property name="jdk.debug" value="release"/>
    <property name="surefire.test.class.path" value="D:\MyWorker\IDEA\ideProjects\spring-bucket\my-spring-admin\target\test-classes;D:\MyWorker\IDEA\ideProjects\spring-bucket\my-spring-admin\target\classes;D:\MyWorker\Maven\MavenRepository\de\codecentric\spring-boot-admin-starter-server\2.3.1\spring-boot-admin-starter-server-2.3.1.jar;D:\MyWorker\Maven\MavenRepository\de\codecentric\spring-boot-admin-server\2.3.1\spring-boot-admin-server-2.3.1.jar;D:\MyWorker\Maven\MavenRepository\org\springframework\boot\spring-boot-starter-webflux\2.3.7.RELEASE\spring-boot-starter-webflux-2.3.7.RELEASE.jar;D:\MyWorker\Maven\MavenRepository\org\springframework\boot\spring-boot-starter-json\2.3.7.RELEASE\spring-boot-starter-json-2.3.7.RELEASE.jar;D:\MyWorker\Maven\MavenRepository\com\fasterxml\jackson\core\jackson-databind\2.11.3\jackson-databind-2.11.3.jar;D:\MyWorker\Maven\MavenRepository\com\fasterxml\jackson\core\jackson-annotations\2.11.3\jackson-annotations-2.11.3.jar;D:\MyWorker\Maven\MavenRepository\com\fasterxml\jackson\core\jackson-core\2.11.3\jackson-core-2.11.3.jar;D:\MyWorker\Maven\MavenRepository\com\fasterxml\jackson\datatype\jackson-datatype-jdk8\2.11.3\jackson-datatype-jdk8-2.11.3.jar;D:\MyWorker\Maven\MavenRepository\com\fasterxml\jackson\datatype\jackson-datatype-jsr310\2.11.3\jackson-datatype-jsr310-2.11.3.jar;D:\MyWorker\Maven\MavenRepository\com\fasterxml\jackson\module\jackson-module-parameter-names\2.11.3\jackson-module-parameter-names-2.11.3.jar;D:\MyWorker\Maven\MavenRepository\org\springframework\boot\spring-boot-starter-reactor-netty\2.3.7.RELEASE\spring-boot-starter-reactor-netty-2.3.7.RELEASE.jar;D:\MyWorker\Maven\MavenRepository\io\projectreactor\netty\reactor-netty\0.9.15.RELEASE\reactor-netty-0.9.15.RELEASE.jar;D:\MyWorker\Maven\MavenRepository\io\netty\netty-codec-http\4.1.55.Final\netty-codec-http-4.1.55.Final.jar;D:\MyWorker\Maven\MavenRepository\io\netty\netty-common\4.1.55.Final\netty-common-4.1.55.Final.jar;D:\MyWorker\Maven\MavenRepository\io\netty\netty-buffer\4.1.55.Final\netty-buffer-4.1.55.Final.jar;D:\MyWorker\Maven\MavenRepository\io\netty\netty-transport\4.1.55.Final\netty-transport-4.1.55.Final.jar;D:\MyWorker\Maven\MavenRepository\io\netty\netty-codec\4.1.55.Final\netty-codec-4.1.55.Final.jar;D:\MyWorker\Maven\MavenRepository\io\netty\netty-codec-http2\4.1.55.Final\netty-codec-http2-4.1.55.Final.jar;D:\MyWorker\Maven\MavenRepository\io\netty\netty-handler\4.1.55.Final\netty-handler-4.1.55.Final.jar;D:\MyWorker\Maven\MavenRepository\io\netty\netty-resolver\4.1.55.Final\netty-resolver-4.1.55.Final.jar;D:\MyWorker\Maven\MavenRepository\io\netty\netty-handler-proxy\4.1.55.Final\netty-handler-proxy-4.1.55.Final.jar;D:\MyWorker\Maven\MavenRepository\io\netty\netty-codec-socks\4.1.55.Final\netty-codec-socks-4.1.55.Final.jar;D:\MyWorker\Maven\MavenRepository\io\netty\netty-transport-native-epoll\4.1.55.Final\netty-transport-native-epoll-4.1.55.Final-linux-x86_64.jar;D:\MyWorker\Maven\MavenRepository\io\netty\netty-transport-native-unix-common\4.1.55.Final\netty-transport-native-unix-common-4.1.55.Final.jar;D:\MyWorker\Maven\MavenRepository\org\springframework\spring-web\5.2.12.RELEASE\spring-web-5.2.12.RELEASE.jar;D:\MyWorker\Maven\MavenRepository\org\springframework\spring-beans\5.2.12.RELEASE\spring-beans-5.2.12.RELEASE.jar;D:\MyWorker\Maven\MavenRepository\org\springframework\spring-webflux\5.2.12.RELEASE\spring-webflux-5.2.12.RELEASE.jar;D:\MyWorker\Maven\MavenRepository\org\synchronoss\cloud\nio-multipart-parser\1.1.0\nio-multipart-parser-1.1.0.jar;D:\MyWorker\Maven\MavenRepository\org\synchronoss\cloud\nio-stream-storage\1.1.3\nio-stream-storage-1.1.3.jar;D:\MyWorker\Maven\MavenRepository\org\springframework\boot\spring-boot-starter-thymeleaf\2.3.7.RELEASE\spring-boot-starter-thymeleaf-2.3.7.RELEASE.jar;D:\MyWorker\Maven\MavenRepository\org\thymeleaf\thymeleaf-spring5\3.0.11.RELEASE\thymeleaf-spring5-3.0.11.RELEASE.jar;D:\MyWorker\Maven\MavenRepository\org\thymeleaf\thymeleaf\3.0.11.RELEASE\thymeleaf-3.0.11.RELEASE.jar;D:\MyWorker\Maven\MavenRepository\org\attoparser\attoparser\2.0.5.RELEASE\attoparser-2.0.5.RELEASE.jar;D:\MyWorker\Maven\MavenRepository\org\unbescape\unbescape\1.1.6.RELEASE\unbescape-1.1.6.RELEASE.jar;D:\MyWorker\Maven\MavenRepository\org\thymeleaf\extras\thymeleaf-extras-java8time\3.0.4.RELEASE\thymeleaf-extras-java8time-3.0.4.RELEASE.jar;D:\MyWorker\Maven\MavenRepository\org\springframework\boot\spring-boot-starter-actuator\2.3.7.RELEASE\spring-boot-starter-actuator-2.3.7.RELEASE.jar;D:\MyWorker\Maven\MavenRepository\org\springframework\boot\spring-boot-actuator-autoconfigure\2.3.7.RELEASE\spring-boot-actuator-autoconfigure-2.3.7.RELEASE.jar;D:\MyWorker\Maven\MavenRepository\org\springframework\boot\spring-boot-actuator\2.3.7.RELEASE\spring-boot-actuator-2.3.7.RELEASE.jar;D:\MyWorker\Maven\MavenRepository\io\micrometer\micrometer-core\1.5.9\micrometer-core-1.5.9.jar;D:\MyWorker\Maven\MavenRepository\org\hdrhistogram\HdrHistogram\2.1.12\HdrHistogram-2.1.12.jar;D:\MyWorker\Maven\MavenRepository\org\latencyutils\LatencyUtils\2.0.3\LatencyUtils-2.0.3.jar;D:\MyWorker\Maven\MavenRepository\org\apache\httpcomponents\httpclient\4.5.13\httpclient-4.5.13.jar;D:\MyWorker\Maven\MavenRepository\org\apache\httpcomponents\httpcore\4.4.14\httpcore-4.4.14.jar;D:\MyWorker\Maven\MavenRepository\commons-codec\commons-codec\1.14\commons-codec-1.14.jar;D:\MyWorker\Maven\MavenRepository\io\projectreactor\addons\reactor-extra\3.3.4.RELEASE\reactor-extra-3.3.4.RELEASE.jar;D:\MyWorker\Maven\MavenRepository\io\projectreactor\reactor-core\3.3.12.RELEASE\reactor-core-3.3.12.RELEASE.jar;D:\MyWorker\Maven\MavenRepository\org\reactivestreams\reactive-streams\1.0.3\reactive-streams-1.0.3.jar;D:\MyWorker\Maven\MavenRepository\de\codecentric\spring-boot-admin-server-ui\2.3.1\spring-boot-admin-server-ui-2.3.1.jar;D:\MyWorker\Maven\MavenRepository\de\codecentric\spring-boot-admin-server-cloud\2.3.1\spring-boot-admin-server-cloud-2.3.1.jar;D:\MyWorker\Maven\MavenRepository\org\springframework\boot\spring-boot-starter-test\2.3.7.RELEASE\spring-boot-starter-test-2.3.7.RELEASE.jar;D:\MyWorker\Maven\MavenRepository\org\springframework\boot\spring-boot-starter\2.3.7.RELEASE\spring-boot-starter-2.3.7.RELEASE.jar;D:\MyWorker\Maven\MavenRepository\org\springframework\boot\spring-boot\2.3.7.RELEASE\spring-boot-2.3.7.RELEASE.jar;D:\MyWorker\Maven\MavenRepository\org\springframework\spring-context\5.2.12.RELEASE\spring-context-5.2.12.RELEASE.jar;D:\MyWorker\Maven\MavenRepository\org\springframework\spring-aop\5.2.12.RELEASE\spring-aop-5.2.12.RELEASE.jar;D:\MyWorker\Maven\MavenRepository\org\springframework\spring-expression\5.2.12.RELEASE\spring-expression-5.2.12.RELEASE.jar;D:\MyWorker\Maven\MavenRepository\org\springframework\boot\spring-boot-autoconfigure\2.3.7.RELEASE\spring-boot-autoconfigure-2.3.7.RELEASE.jar;D:\MyWorker\Maven\MavenRepository\org\springframework\boot\spring-boot-starter-logging\2.3.7.RELEASE\spring-boot-starter-logging-2.3.7.RELEASE.jar;D:\MyWorker\Maven\MavenRepository\ch\qos\logback\logback-classic\1.2.3\logback-classic-1.2.3.jar;D:\MyWorker\Maven\MavenRepository\ch\qos\logback\logback-core\1.2.3\logback-core-1.2.3.jar;D:\MyWorker\Maven\MavenRepository\org\apache\logging\log4j\log4j-to-slf4j\2.13.3\log4j-to-slf4j-2.13.3.jar;D:\MyWorker\Maven\MavenRepository\org\apache\logging\log4j\log4j-api\2.13.3\log4j-api-2.13.3.jar;D:\MyWorker\Maven\MavenRepository\org\slf4j\jul-to-slf4j\1.7.30\jul-to-slf4j-1.7.30.jar;D:\MyWorker\Maven\MavenRepository\jakarta\annotation\jakarta.annotation-api\1.3.5\jakarta.annotation-api-1.3.5.jar;D:\MyWorker\Maven\MavenRepository\org\yaml\snakeyaml\1.26\snakeyaml-1.26.jar;D:\MyWorker\Maven\MavenRepository\org\springframework\boot\spring-boot-test\2.3.7.RELEASE\spring-boot-test-2.3.7.RELEASE.jar;D:\MyWorker\Maven\MavenRepository\org\springframework\boot\spring-boot-test-autoconfigure\2.3.7.RELEASE\spring-boot-test-autoconfigure-2.3.7.RELEASE.jar;D:\MyWorker\Maven\MavenRepository\com\jayway\jsonpath\json-path\2.4.0\json-path-2.4.0.jar;D:\MyWorker\Maven\MavenRepository\net\minidev\json-smart\2.3\json-smart-2.3.jar;D:\MyWorker\Maven\MavenRepository\net\minidev\accessors-smart\1.2\accessors-smart-1.2.jar;D:\MyWorker\Maven\MavenRepository\org\ow2\asm\asm\5.0.4\asm-5.0.4.jar;D:\MyWorker\Maven\MavenRepository\org\slf4j\slf4j-api\1.7.30\slf4j-api-1.7.30.jar;D:\MyWorker\Maven\MavenRepository\jakarta\xml\bind\jakarta.xml.bind-api\2.3.3\jakarta.xml.bind-api-2.3.3.jar;D:\MyWorker\Maven\MavenRepository\jakarta\activation\jakarta.activation-api\1.2.2\jakarta.activation-api-1.2.2.jar;D:\MyWorker\Maven\MavenRepository\org\assertj\assertj-core\3.16.1\assertj-core-3.16.1.jar;D:\MyWorker\Maven\MavenRepository\org\hamcrest\hamcrest\2.2\hamcrest-2.2.jar;D:\MyWorker\Maven\MavenRepository\org\junit\jupiter\junit-jupiter\5.6.3\junit-jupiter-5.6.3.jar;D:\MyWorker\Maven\MavenRepository\org\junit\jupiter\junit-jupiter-api\5.6.3\junit-jupiter-api-5.6.3.jar;D:\MyWorker\Maven\MavenRepository\org\apiguardian\apiguardian-api\1.1.0\apiguardian-api-1.1.0.jar;D:\MyWorker\Maven\MavenRepository\org\opentest4j\opentest4j\1.2.0\opentest4j-1.2.0.jar;D:\MyWorker\Maven\MavenRepository\org\junit\platform\junit-platform-commons\1.6.3\junit-platform-commons-1.6.3.jar;D:\MyWorker\Maven\MavenRepository\org\junit\jupiter\junit-jupiter-params\5.6.3\junit-jupiter-params-5.6.3.jar;D:\MyWorker\Maven\MavenRepository\org\junit\jupiter\junit-jupiter-engine\5.6.3\junit-jupiter-engine-5.6.3.jar;D:\MyWorker\Maven\MavenRepository\org\junit\platform\junit-platform-engine\1.6.3\junit-platform-engine-1.6.3.jar;D:\MyWorker\Maven\MavenRepository\org\mockito\mockito-core\3.3.3\mockito-core-3.3.3.jar;D:\MyWorker\Maven\MavenRepository\net\bytebuddy\byte-buddy\1.10.18\byte-buddy-1.10.18.jar;D:\MyWorker\Maven\MavenRepository\net\bytebuddy\byte-buddy-agent\1.10.18\byte-buddy-agent-1.10.18.jar;D:\MyWorker\Maven\MavenRepository\org\objenesis\objenesis\2.6\objenesis-2.6.jar;D:\MyWorker\Maven\MavenRepository\org\mockito\mockito-junit-jupiter\3.3.3\mockito-junit-jupiter-3.3.3.jar;D:\MyWorker\Maven\MavenRepository\org\skyscreamer\jsonassert\1.5.0\jsonassert-1.5.0.jar;D:\MyWorker\Maven\MavenRepository\com\vaadin\external\google\android-json\0.0.20131108.vaadin1\android-json-0.0.20131108.vaadin1.jar;D:\MyWorker\Maven\MavenRepository\org\springframework\spring-core\5.2.12.RELEASE\spring-core-5.2.12.RELEASE.jar;D:\MyWorker\Maven\MavenRepository\org\springframework\spring-jcl\5.2.12.RELEASE\spring-jcl-5.2.12.RELEASE.jar;D:\MyWorker\Maven\MavenRepository\org\springframework\spring-test\5.2.12.RELEASE\spring-test-5.2.12.RELEASE.jar;D:\MyWorker\Maven\MavenRepository\org\xmlunit\xmlunit-core\2.7.0\xmlunit-core-2.7.0.jar;"/>
    <property name="sun.cpu.endian" value="little"/>
    <property name="user.home" value="C:\Users\malixi"/>
    <property name="user.language" value="zh"/>
    <property name="java.specification.vendor" value="Oracle Corporation"/>
    <property name="java.version.date" value="2020-07-14"/>
    <property name="java.home" value="D:\MyWorker\JDK\JDK11"/>
    <property name="file.separator" value="\"/>
    <property name="basedir" value="D:\MyWorker\IDEA\ideProjects\spring-bucket\my-spring-admin"/>
    <property name="java.vm.compressedOopsMode" value="Zero based"/>
    <property name="line.separator" value="&#10;"/>
    <property name="java.specification.name" value="Java Platform API Specification"/>
    <property name="java.vm.specification.vendor" value="Oracle Corporation"/>
    <property name="java.awt.graphicsenv" value="sun.awt.Win32GraphicsEnvironment"/>
    <property name="surefire.real.class.path" value="C:\Users\malixi\AppData\Local\Temp\surefire17263074051170068676\surefirebooter2729866684772110534.jar"/>
    <property name="user.script" value=""/>
    <property name="sun.management.compiler" value="HotSpot 64-Bit Tiered Compilers"/>
    <property name="java.runtime.version" value="11.0.8+10-LTS"/>
    <property name="user.name" value="malixi"/>
    <property name="path.separator" value=";"/>
    <property name="os.version" value="10.0"/>
    <property name="java.runtime.name" value="Java(TM) SE Runtime Environment"/>
    <property name="file.encoding" value="GBK"/>
    <property name="java.vm.name" value="Java HotSpot(TM) 64-Bit Server VM"/>
    <property name="java.vendor.version" value="18.9"/>
    <property name="localRepository" value="D:\MyWorker\Maven\MavenRepository"/>
    <property name="java.vendor.url.bug" value="https://bugreport.java.com/bugreport/"/>
    <property name="java.io.tmpdir" value="C:\Users\malixi\AppData\Local\Temp\"/>
    <property name="idea.version" value="2020.2.3"/>
    <property name="java.version" value="11.0.8"/>
    <property name="user.dir" value="D:\MyWorker\IDEA\ideProjects\spring-bucket\my-spring-admin"/>
    <property name="os.arch" value="amd64"/>
    <property name="java.vm.specification.name" value="Java Virtual Machine Specification"/>
    <property name="java.awt.printerjob" value="sun.awt.windows.WPrinterJob"/>
    <property name="sun.os.patch.level" value=""/>
    <property name="java.library.path" value="D:\MyWorker\JDK\JDK11\bin;C:\Windows\Sun\Java\bin;C:\Windows\system32;C:\Windows;D:\培训学习笔记\Docker安装与使用教程\Xftp\;D:\培训学习笔记\Docker安装与使用教程\Xshell\;C:\Windows\system32;C:\Windows;C:\Windows\System32\Wbem;C:\Windows\System32\WindowsPowerShell\v1.0\;C:\Windows\System32\OpenSSH\;C:\Program Files (x86)\NVIDIA Corporation\PhysX\Common;C:\Program Files\NVIDIA Corporation\NVIDIA NvDLISR;D:\MyWorker\JDK\JDK11\bin;\;C:\Users\malixi\AppData\Local\Microsoft\WindowsApps;D:\MyWorker\Maven\apache-maven-3.6.3\bin;;."/>
    <property name="java.vendor" value="Oracle Corporation"/>
    <property name="java.vm.info" value="mixed mode"/>
    <property name="java.vm.version" value="11.0.8+10-LTS"/>
    <property name="sun.io.unicode.encoding" value="UnicodeLittle"/>
    <property name="maven.repo.local" value="D:\MyWorker\Maven\MavenRepository"/>
    <property name="java.class.version" value="55.0"/>
  </properties>
  <testcase name="contextLoads" classname="com.malixi.spring.myspringadmin.MySpringAdminApplicationTests" time="0.403"/>
</testsuite>